Tight SL/TP combos: 24 | TFs: ['5m', '15m', '1h', '4h', '1d'] | Strategies: 33

Fetching data...
Done. Running backtests...


[5m] TOP 10 BY WIN RATE:
  Strategy                     SL   TP |     N    WR%     EV%
  ------------------------------------------------------------
  RSI_Oversold                3.0  1.5 |     5  100.0%  +1.500%
  Hammer                      3.0  1.5 |    10  100.0%  +1.500%
  ADX_Trend                   3.0  1.5 |    18  100.0%  +1.500%
  Squeeze_Break               3.0  1.5 |     7  100.0%  +1.500%
  Donchian_Break              3.0  1.5 |    38   94.7%  +1.263%
  Keltner_Break               3.0  1.5 |    34   94.1%  +1.235%
  Donchian_Break_Strict       3.0  1.5 |    14   92.9%  +1.179%
  Williams_Bounce             3.0  1.5 |    83   92.8%  +1.175%
  Three_Green                 3.0  1.5 |    40   92.5%  +1.163%
  Combined_Best               3.0  1.5 |    12   91.7%  +1.125%

[15m] TOP 10 BY WIN RATE:
  Strategy                     SL   TP |     N    WR%     EV%
  ------------------------------------------------------------
  RSI_Oversold                2.0  1.0 |     6  100.0%  +1.000%
  ADX_Trend                   3.0  1.5 |    46   89.1%  +1.011%
  RSI_Oversold_Strict         2.0  1.0 |     7   85.7%  +0.571%
  Squeeze_Break               2.0  1.0 |    30   83.3%  +0.500%
  Donchian_Break_Strict       3.0  1.5 |    17   82.4%  +0.706%
  Hammer                      3.0  1.5 |    26   80.8%  +0.635%
  EMA_Stack_Pullback          3.0  1.5 |   363   77.1%  +0.471%
  EMA_Ribbon                  3.0  1.5 |   227   76.2%  +0.430%
  Golden_Cross                0.8  0.5 |    21   76.2%  +0.190%
  EMA21_Touch_MACD            3.0  1.5 |   238   75.6%  +0.403%

[1h] TOP 10 BY WIN RATE:
  Strategy                     SL   TP |     N    WR%     EV%
  ------------------------------------------------------------
  EMA_Cross_Filtered          3.0  1.5 |    78   84.6%  +0.808%
  Price_EMA200_Cross          3.0  1.5 |    70   81.4%  +0.664%
  ADX_Trend                   3.0  1.5 |    84   76.2%  +0.429%
  MACD_Cross_Filtered         3.0  1.5 |    65   73.8%  +0.323%
  Volume_Spike                2.0  1.0 |    95   72.6%  +0.179%
  EMA_Cross                   3.0  1.5 |   147   72.1%  +0.245%
  MACD_BB_Combo               3.0  1.5 |   121   71.9%  +0.236%
  Trend_Continuation          3.0  1.5 |    42   71.4%  +0.214%
  Combined_Best               3.0  1.5 |    79   70.9%  +0.190%
  Three_Green                 3.0  1.5 |   221   70.6%  +0.176%

[4h] TOP 10 BY WIN RATE:
  Strategy                     SL   TP |     N    WR%     EV%
  ------------------------------------------------------------
  ORB                         3.0  1.5 |    15   80.0%  +0.600%
  RSI_Oversold_Strict         3.0  1.5 |    14   78.6%  +0.536%
  Triple_EMA                  3.0  1.5 |   131   77.1%  +0.469%
  Trend_Continuation          2.0  1.0 |    35   74.3%  +0.229%
  RSI_50_Cross                3.0  1.5 |   112   74.1%  +0.335%
  Price_EMA200_Cross          3.0  1.5 |    66   72.7%  +0.273%
  EMA_Ribbon                  3.0  1.5 |   535   72.0%  +0.238%
  EMA_Cross_Filtered          2.0  1.0 |    83   71.1%  +0.133%
  EMA21_Touch_MACD            3.0  1.5 |   447   70.9%  +0.191%
  Keltner_Break               3.0  1.5 |   139   70.5%  +0.173%

[1d] TOP 10 BY WIN RATE:
  Strategy                     SL   TP |     N    WR%     EV%
  ------------------------------------------------------------
  Golden_Cross                3.0  1.5 |    16   75.0%  +0.375%
  Williams_Bounce             3.0  1.5 |    76   64.5%  -0.099%
  EMA_Cross_Filtered          3.0  1.5 |    79   63.3%  -0.152%
  Triple_EMA                  3.0  1.5 |   119   63.0%  -0.164%
  MACD_Cross_Filtered         3.0  1.5 |    62   62.9%  -0.169%
  EMA_Cross                   3.0  1.5 |   138   61.6%  -0.228%
  Three_Green                 3.0  1.5 |   205   61.0%  -0.256%
  Price_EMA200_Cross          3.0  1.5 |    42   59.5%  -0.321%
  EMA21_Touch_MACD            3.0  1.5 |   347   59.4%  -0.329%
  VWAP_Cross                  3.0  1.5 |   294   58.2%  -0.383%


================================================================================
GLOBAL WIN RATE LEADERBOARD (min 10 trades)
================================================================================

  TF    Strategy                     SL   TP |     N    WR%     EV%
  ----------------------------------------------------------------------
Traceback (most recent call last):
  File "C:\CluadeProjects\binanceBot\max_winrate.py", line 148, in <module>
    main()
  File "C:\CluadeProjects\binanceBot\max_winrate.py", line 109, in main
    wlog(f"  {r['tf']:<5} {r['strat']:<26} {r['sl']*100:>4.1f} {r['tp']*100:>4.1f} | "
  File "C:\CluadeProjects\binanceBot\max_winrate.py", line 39, in wlog
    print(msg)
  File "C:\Python312\Lib\encodings\cp1255.py", line 19, in encode
    return codecs.charmap_encode(input,self.errors,encoding_table)[0]
           ^^^^^^^^^^^^^^^^^^^^^^^^^^^^^^^^^^^^^^^^^^^^^^^^^^^^^^^
UnicodeEncodeError: 'charmap' codec can't encode characters in position 70-71: character maps to <undefined>
